running egg_info
writing build/turtle_controller2/turtle_controller2.egg-info/PKG-INFO
writing dependency_links to build/turtle_controller2/turtle_controller2.egg-info/dependency_links.txt
writing entry points to build/turtle_controller2/turtle_controller2.egg-info/entry_points.txt
writing requirements to build/turtle_controller2/turtle_controller2.egg-info/requires.txt
writing top-level names to build/turtle_controller2/turtle_controller2.egg-info/top_level.txt
reading manifest file 'build/turtle_controller2/turtle_controller2.egg-info/SOURCES.txt'
writing manifest file 'build/turtle_controller2/turtle_controller2.egg-info/SOURCES.txt'
running build
running build_py
copying turtle_controller2/turtle_openLoop2.py -> /home/macgyver/testWS/src/turtle_controller2/build/turtle_controller2/build/lib/turtle_controller2
running install
running install_lib
copying /home/macgyver/testWS/src/turtle_controller2/build/turtle_controller2/build/lib/turtle_controller2/turtle_openLoop2.py -> /home/macgyver/testWS/src/turtle_controller2/install/turtle_controller2/lib/python3.8/site-packages/turtle_controller2
byte-compiling /home/macgyver/testWS/src/turtle_controller2/install/turtle_controller2/lib/python3.8/site-packages/turtle_controller2/turtle_openLoop2.py to turtle_openLoop2.cpython-38.pyc
running install_data
running install_egg_info
removing '/home/macgyver/testWS/src/turtle_controller2/install/turtle_controller2/lib/python3.8/site-packages/turtle_controller2-0.0.0-py3.8.egg-info' (and everything under it)
Copying build/turtle_controller2/turtle_controller2.egg-info to /home/macgyver/testWS/src/turtle_controller2/install/turtle_controller2/lib/python3.8/site-packages/turtle_controller2-0.0.0-py3.8.egg-info
running install_scripts
Installing turtle_openLoop script to /home/macgyver/testWS/src/turtle_controller2/install/turtle_controller2/lib/turtle_controller2
Installing turtle_openLoop2 script to /home/macgyver/testWS/src/turtle_controller2/install/turtle_controller2/lib/turtle_controller2
writing list of installed files to '/home/macgyver/testWS/src/turtle_controller2/build/turtle_controller2/install.log'
