[0.877s] Invoking command in '/home/macgyver/testWS/src/turtle_controller2': PYTHONPATH=/home/macgyver/testWS/src/turtle_controller2/build/turtle_controller2/prefix_override:/usr/lib/python3/dist-packages/colcon_core/task/python/colcon_distutils_commands:/home/macgyver/testWS/src/turtle_controller2/install/turtle_controller2/lib/python3.8/site-packages:${PYTHONPATH} /usr/bin/python3 -W ignore:setup.py install is deprecated setup.py egg_info --egg-base build/turtle_controller2 build --build-base /home/macgyver/testWS/src/turtle_controller2/build/turtle_controller2/build install --record /home/macgyver/testWS/src/turtle_controller2/build/turtle_controller2/install.log --single-version-externally-managed install_data
[1.196s] running egg_info
[1.198s] writing build/turtle_controller2/turtle_controller2.egg-info/PKG-INFO
[1.198s] writing dependency_links to build/turtle_controller2/turtle_controller2.egg-info/dependency_links.txt
[1.199s] writing entry points to build/turtle_controller2/turtle_controller2.egg-info/entry_points.txt
[1.199s] writing requirements to build/turtle_controller2/turtle_controller2.egg-info/requires.txt
[1.199s] writing top-level names to build/turtle_controller2/turtle_controller2.egg-info/top_level.txt
[1.245s] reading manifest file 'build/turtle_controller2/turtle_controller2.egg-info/SOURCES.txt'
[1.246s] writing manifest file 'build/turtle_controller2/turtle_controller2.egg-info/SOURCES.txt'
[1.246s] running build
[1.247s] running build_py
[1.247s] copying turtle_controller2/turtle_openLoop.py -> /home/macgyver/testWS/src/turtle_controller2/build/turtle_controller2/build/lib/turtle_controller2
[1.247s] running install
[1.248s] running install_lib
[1.250s] copying /home/macgyver/testWS/src/turtle_controller2/build/turtle_controller2/build/lib/turtle_controller2/turtle_openLoop.py -> /home/macgyver/testWS/src/turtle_controller2/install/turtle_controller2/lib/python3.8/site-packages/turtle_controller2
[1.251s] byte-compiling /home/macgyver/testWS/src/turtle_controller2/install/turtle_controller2/lib/python3.8/site-packages/turtle_controller2/turtle_openLoop.py to turtle_openLoop.cpython-38.pyc
[1.254s] Sorry: TabError: inconsistent use of tabs and spaces in indentation (turtle_openLoop.py, line 115)
[1.254s] running install_data
[1.254s] running install_egg_info
[1.257s] removing '/home/macgyver/testWS/src/turtle_controller2/install/turtle_controller2/lib/python3.8/site-packages/turtle_controller2-0.0.0-py3.8.egg-info' (and everything under it)
[1.257s] Copying build/turtle_controller2/turtle_controller2.egg-info to /home/macgyver/testWS/src/turtle_controller2/install/turtle_controller2/lib/python3.8/site-packages/turtle_controller2-0.0.0-py3.8.egg-info
[1.259s] running install_scripts
[1.280s] Installing turtle_openLoop script to /home/macgyver/testWS/src/turtle_controller2/install/turtle_controller2/lib/turtle_controller2
[1.281s] writing list of installed files to '/home/macgyver/testWS/src/turtle_controller2/build/turtle_controller2/install.log'
[1.317s] Invoked command in '/home/macgyver/testWS/src/turtle_controller2' returned '0': PYTHONPATH=/home/macgyver/testWS/src/turtle_controller2/build/turtle_controller2/prefix_override:/usr/lib/python3/dist-packages/colcon_core/task/python/colcon_distutils_commands:/home/macgyver/testWS/src/turtle_controller2/install/turtle_controller2/lib/python3.8/site-packages:${PYTHONPATH} /usr/bin/python3 -W ignore:setup.py install is deprecated setup.py egg_info --egg-base build/turtle_controller2 build --build-base /home/macgyver/testWS/src/turtle_controller2/build/turtle_controller2/build install --record /home/macgyver/testWS/src/turtle_controller2/build/turtle_controller2/install.log --single-version-externally-managed install_data
