[0.554s] Invoking command in '/home/macgyver/testWS/src/turtle_controller2': PYTHONPATH=/home/macgyver/testWS/src/turtle_controller2/build/turtle_controller2/prefix_override:/usr/lib/python3/dist-packages/colcon_core/task/python/colcon_distutils_commands:/home/macgyver/testWS/src/turtle_controller2/install/turtle_controller2/lib/python3.8/site-packages:${PYTHONPATH} /usr/bin/python3 -W ignore:setup.py install is deprecated setup.py egg_info --egg-base build/turtle_controller2 build --build-base /home/macgyver/testWS/src/turtle_controller2/build/turtle_controller2/build install --record /home/macgyver/testWS/src/turtle_controller2/build/turtle_controller2/install.log --single-version-externally-managed install_data
[0.748s] running egg_info
[0.749s] writing build/turtle_controller2/turtle_controller2.egg-info/PKG-INFO
[0.749s] writing dependency_links to build/turtle_controller2/turtle_controller2.egg-info/dependency_links.txt
[0.749s] writing entry points to build/turtle_controller2/turtle_controller2.egg-info/entry_points.txt
[0.750s] writing requirements to build/turtle_controller2/turtle_controller2.egg-info/requires.txt
[0.750s] writing top-level names to build/turtle_controller2/turtle_controller2.egg-info/top_level.txt
[0.783s] reading manifest file 'build/turtle_controller2/turtle_controller2.egg-info/SOURCES.txt'
[0.783s] writing manifest file 'build/turtle_controller2/turtle_controller2.egg-info/SOURCES.txt'
[0.784s] running build
[0.784s] running build_py
[0.784s] copying turtle_controller2/turtle_openLoop2.py -> /home/macgyver/testWS/src/turtle_controller2/build/turtle_controller2/build/lib/turtle_controller2
[0.784s] running install
[0.785s] running install_lib
[0.786s] copying /home/macgyver/testWS/src/turtle_controller2/build/turtle_controller2/build/lib/turtle_controller2/turtle_openLoop2.py -> /home/macgyver/testWS/src/turtle_controller2/install/turtle_controller2/lib/python3.8/site-packages/turtle_controller2
[0.787s] byte-compiling /home/macgyver/testWS/src/turtle_controller2/install/turtle_controller2/lib/python3.8/site-packages/turtle_controller2/turtle_openLoop2.py to turtle_openLoop2.cpython-38.pyc
[0.788s] running install_data
[0.789s] running install_egg_info
[0.790s] removing '/home/macgyver/testWS/src/turtle_controller2/install/turtle_controller2/lib/python3.8/site-packages/turtle_controller2-0.0.0-py3.8.egg-info' (and everything under it)
[0.790s] Copying build/turtle_controller2/turtle_controller2.egg-info to /home/macgyver/testWS/src/turtle_controller2/install/turtle_controller2/lib/python3.8/site-packages/turtle_controller2-0.0.0-py3.8.egg-info
[0.791s] running install_scripts
[0.806s] Installing turtle_openLoop script to /home/macgyver/testWS/src/turtle_controller2/install/turtle_controller2/lib/turtle_controller2
[0.806s] Installing turtle_openLoop2 script to /home/macgyver/testWS/src/turtle_controller2/install/turtle_controller2/lib/turtle_controller2
[0.807s] writing list of installed files to '/home/macgyver/testWS/src/turtle_controller2/build/turtle_controller2/install.log'
[0.827s] Invoked command in '/home/macgyver/testWS/src/turtle_controller2' returned '0': PYTHONPATH=/home/macgyver/testWS/src/turtle_controller2/build/turtle_controller2/prefix_override:/usr/lib/python3/dist-packages/colcon_core/task/python/colcon_distutils_commands:/home/macgyver/testWS/src/turtle_controller2/install/turtle_controller2/lib/python3.8/site-packages:${PYTHONPATH} /usr/bin/python3 -W ignore:setup.py install is deprecated setup.py egg_info --egg-base build/turtle_controller2 build --build-base /home/macgyver/testWS/src/turtle_controller2/build/turtle_controller2/build install --record /home/macgyver/testWS/src/turtle_controller2/build/turtle_controller2/install.log --single-version-externally-managed install_data
